<?xml version="1.0" encoding="UTF-8"?>
<testsuite xmlns:xsi="http://www.w3.org/2001/XMLSchema-instance" xsi:noNamespaceSchemaLocation="https://maven.apache.org/surefire/maven-surefire-plugin/xsd/surefire-test-report-3.0.xsd" version="3.0" name="TestSuite" time="54.559" tests="6" errors="0" skipped="0" failures="0">
  <properties>
[...]
</properties>
  <testcase name="runScenario[&quot;Launch url and navigate to home page&quot;, &quot;Optional[feature to test ds algo portal link]&quot;](1)" classname="testRunner.TestRunner" time="1.774">
    <system-out><![CDATA[chrome

@1 @tag1
Scenario: Launch url and navigate to home page # src/test/resources/Features/1Openportal.feature:5
  Given User launch chrome browser             # stepdefinitions.portalopen.user_launch_chrome_browser()
  And User opens dsalgo portal app url         # stepdefinitions.portalopen.user_opens_dsalgo_portal_app_url()
  When User click on Get Started button        # stepdefinitions.portalopen.user_click_on_get_started_button()
  Then User is navigated to Home page          # stepdefinitions.portalopen.user_is_navigated_to_home_page()
]]></system-out>
    <system-err><![CDATA[SLF4J: Failed to load class "org.slf4j.impl.StaticLoggerBinder".
SLF4J: Defaulting to no-operation (NOP) logger implementation
SLF4J: See http://www.slf4j.org/codes.html#StaticLoggerBinder for further details.
Starting ChromeDriver 113.0.5672.63 (0e1a4471d5ae5bf128b1bd8f4d627c8cbd55f70c-refs/branch-heads/5672@{#912}) on port 29197
Only local connections are allowed.
Please see https://chromedriver.chromium.org/security-considerations for suggestions on keeping ChromeDriver safe.
ChromeDriver was started successfully.
May 21, 2023 8:01:28 PM org.openqa.selenium.devtools.CdpVersionFinder findNearestMatch
WARNING: Unable to find an exact match for CDP version 113, so returning the closest version found: 112
]]></system-err>
  </testcase>
  <testcase name="runScenario[&quot;Launch url and navigate to home page&quot;, &quot;Optional[feature to test ds algo portal link]&quot;](1)" classname="testRunner.TestRunner" time="8.485">
    <system-out><![CDATA[edge

@1 @tag1
Scenario: Launch url and navigate to home page # src/test/resources/Features/1Openportal.feature:5
  Given User launch chrome browser             # stepdefinitions.portalopen.user_launch_chrome_browser()
  And User opens dsalgo portal app url         # stepdefinitions.portalopen.user_opens_dsalgo_portal_app_url()
  When User click on Get Started button        # stepdefinitions.portalopen.user_click_on_get_started_button()
  Then User is navigated to Home page          # stepdefinitions.portalopen.user_is_navigated_to_home_page()
]]></system-out>
    <system-err><![CDATA[┌───────────────────────────────────────────────────────────────────────────────────┐
│ Share your Cucumber Report with your team at https://reports.cucumber.io          │
│ Activate publishing with one of the following:                                    │
│                                                                                   │
│ src/test/resources/cucumber.properties:          cucumber.publish.enabled=true    │
│ src/test/resources/junit-platform.properties:    cucumber.publish.enabled=true    │
│ Environment variable:                            CUCUMBER_PUBLISH_ENABLED=true    │
│ JUnit:                                           @CucumberOptions(publish = true) │
│                                                                                   │
│ More information at https://cucumber.io/docs/cucumber/environment-variables/      │
│                                                                                   │
│ Disable this message with one of the following:                                   │
│                                                                                   │
│ src/test/resources/cucumber.properties:          cucumber.publish.quiet=true      │
│ src/test/resources/junit-platform.properties:    cucumber.publish.quiet=true      │
└───────────────────────────────────────────────────────────────────────────────────┘
Starting Microsoft Edge WebDriver 113.0.1774.50 (8c198093cedae51263c20d5d679dc091c24bbf87) on port 18249
To submit feedback, report a bug, or suggest new features, please visit https://github.com/MicrosoftEdge/EdgeWebDriver

Only local connections are allowed.
Please see https://aka.ms/WebDriverSecurity for suggestions on keeping Microsoft Edge WebDriver safe.

Microsoft Edge WebDriver was started successfully.
May 21, 2023 8:01:46 PM org.openqa.selenium.devtools.CdpVersionFinder findNearestMatch
WARNING: Unable to find an exact match for CDP version 113, so returning the closest version found: 112
]]></system-err>
  </testcase>
  <testcase name="runScenario[&quot;User navigate to home page&quot;, &quot;Optional[evaluate home page]&quot;](2)" classname="testRunner.TestRunner" time="0.378">
    <system-out><![CDATA[
@2 @tag2
Scenario: User navigate to home page                   # src/test/resources/Features/2homepage.feature:4
  Given User click on Data Structures dropdown         # stepdefinitions.HomePageSteps.user_click_on_data_structures_dropdown()
  When User click on arrays from the dropdown          # stepdefinitions.HomePageSteps.user_click_on_arrays_from_the_dropdown()
  Then It  shows error message "You are not logged in" # stepdefinitions.HomePageSteps.it_shows_error_message(java.lang.String)
]]></system-out>
  </testcase>
  <testcase name="runScenario[&quot;User navigate to home page&quot;, &quot;Optional[evaluate home page]&quot;](2)" classname="testRunner.TestRunner" time="4.06">
    <system-out><![CDATA[
@2 @tag2
Scenario: User navigate to home page                   # src/test/resources/Features/2homepage.feature:4
  Given User click on Data Structures dropdown         # stepdefinitions.HomePageSteps.user_click_on_data_structures_dropdown()
  When User click on arrays from the dropdown          # stepdefinitions.HomePageSteps.user_click_on_arrays_from_the_dropdown()
  Then It  shows error message "You are not logged in" # stepdefinitions.HomePageSteps.it_shows_error_message(java.lang.String)
]]></system-out>
  </testcase>
  <testcase name="runScenario[&quot;Launch url and navigate to home page&quot;, &quot;Optional[evaluate home page]&quot;](3)" classname="testRunner.TestRunner" time="0.261">
    <system-out><![CDATA[
@2 @tag3
Scenario: Launch url and navigate to home page           # src/test/resources/Features/2homepage.feature:9
  When User click on one of the module from home page    # stepdefinitions.HomePageSteps.user_click_on_one_of_the_module_from_home_page()
  Then It is showing error message You are not logged in # stepdefinitions.HomePageSteps.it_is_showing_error_message_you_are_not_logged_in()
]]></system-out>
  </testcase>
  <testcase name="runScenario[&quot;Launch url and navigate to home page&quot;, &quot;Optional[evaluate home page]&quot;](3)" classname="testRunner.TestRunner" time="0.378">
    <system-out><![CDATA[
@2 @tag3
Scenario: Launch url and navigate to home page           # src/test/resources/Features/2homepage.feature:9
  When User click on one of the module from home page    # stepdefinitions.HomePageSteps.user_click_on_one_of_the_module_from_home_page()
  Then It is showing error message You are not logged in # stepdefinitions.HomePageSteps.it_is_showing_error_message_you_are_not_logged_in()
]]></system-out>
  </testcase>
</testsuite>