<?xml version="1.0" encoding="UTF-8"?>
<testng-results ignored="0" total="6" passed="6" failed="0" skipped="0">
  <reporter-output>
  </reporter-output>
  <suite started-at="2023-05-21T20:01:09 EDT" name="Suite" finished-at="2023-05-21T20:02:02 EDT" duration-ms="52750">
    <groups>
      <group name="cucumber">
        <method signature="AbstractTestNGCucumberTests.runScenario(io.cucumber.testng.PickleWrapper,io.cucumber.testng.FeatureWrapper)[pri:0, instance:testRunner.TestRunner@4007f65e]" name="runScenario" class="io.cucumber.testng.AbstractTestNGCucumberTests"/>
        <method signature="AbstractTestNGCucumberTests.runScenario(io.cucumber.testng.PickleWrapper,io.cucumber.testng.FeatureWrapper)[pri:0, instance:testRunner.TestRunner@4d15107f]" name="runScenario" class="io.cucumber.testng.AbstractTestNGCucumberTests"/>
      </group> <!-- cucumber -->
    </groups>
    <test started-at="2023-05-21T20:01:09 EDT" name="TestChrome" finished-at="2023-05-21T20:01:33 EDT" duration-ms="23471">
      <class name="testRunner.TestRunner">
        <test-method is-config="true" signature="defineBrowser(java.lang.String)[pri:0, instance:testRunner.TestRunner@4007f65e]" started-at="2023-05-21T20:01:09 EDT" name="defineBrowser" finished-at="2023-05-21T20:01:09 EDT" duration-ms="30" status="PASS">
          <params>
            <param index="0">
              <value>
                <![CDATA[chrome]]>
              </value>
            </param>
          </params>
          <reporter-output>
          </reporter-output>
        </test-method> <!-- defineBrowser -->
        <test-method is-config="true" signature="setUpClass(org.testng.ITestContext)[pri:0, instance:testRunner.TestRunner@4007f65e]" started-at="2023-05-21T20:01:09 EDT" name="setUpClass" finished-at="2023-05-21T20:01:29 EDT" duration-ms="19322" status="PASS">
          <params>
            <param index="0">
              <value>
                <![CDATA[org.testng.TestRunner@79f5a6ed]]>
              </value>
            </param>
          </params>
          <reporter-output>
          </reporter-output>
        </test-method> <!-- setUpClass -->
        <test-method signature="runScenario(io.cucumber.testng.PickleWrapper,io.cucumber.testng.FeatureWrapper)[pri:0, instance:testRunner.TestRunner@4007f65e]" started-at="2023-05-21T20:01:29 EDT" name="runScenario" description="Runs Cucumber Scenarios" data-provider="scenarios" finished-at="2023-05-21T20:01:30 EDT" duration-ms="1619" status="PASS">
          <params>
            <param index="0">
              <value>
                <![CDATA["Launch url and navigate to home page"]]>
              </value>
            </param>
            <param index="1">
              <value>
                <![CDATA["Optional[feature to test ds algo portal link]"]]>
              </value>
            </param>
          </params>
          <reporter-output>
          </reporter-output>
        </test-method> <!-- runScenario -->
        <test-method signature="runScenario(io.cucumber.testng.PickleWrapper,io.cucumber.testng.FeatureWrapper)[pri:0, instance:testRunner.TestRunner@4007f65e]" started-at="2023-05-21T20:01:30 EDT" name="runScenario" description="Runs Cucumber Scenarios" data-provider="scenarios" finished-at="2023-05-21T20:01:31 EDT" duration-ms="349" status="PASS">
          <params>
            <param index="0">
              <value>
                <![CDATA["User navigate to home page"]]>
              </value>
            </param>
            <param index="1">
              <value>
                <![CDATA["Optional[evaluate home page]"]]>
              </value>
            </param>
          </params>
          <reporter-output>
          </reporter-output>
        </test-method> <!-- runScenario -->
        <test-method signature="runScenario(io.cucumber.testng.PickleWrapper,io.cucumber.testng.FeatureWrapper)[pri:0, instance:testRunner.TestRunner@4007f65e]" started-at="2023-05-21T20:01:31 EDT" name="runScenario" description="Runs Cucumber Scenarios" data-provider="scenarios" finished-at="2023-05-21T20:01:31 EDT" duration-ms="261" status="PASS">
          <params>
            <param index="0">
              <value>
                <![CDATA["Launch url and navigate to home page"]]>
              </value>
            </param>
            <param index="1">
              <value>
                <![CDATA["Optional[evaluate home page]"]]>
              </value>
            </param>
          </params>
          <reporter-output>
          </reporter-output>
        </test-method> <!-- runScenario -->
        <test-method is-config="true" signature="tearDownClass()[pri:0, instance:testRunner.TestRunner@4007f65e]" started-at="2023-05-21T20:01:31 EDT" name="tearDownClass" finished-at="2023-05-21T20:01:33 EDT" duration-ms="1608" status="PASS">
          <reporter-output>
          </reporter-output>
        </test-method> <!-- tearDownClass -->
      </class> <!-- testRunner.TestRunner -->
    </test> <!-- TestChrome -->
    <test started-at="2023-05-21T20:01:33 EDT" name="Testedge" finished-at="2023-05-21T20:02:02 EDT" duration-ms="29236">
      <class name="testRunner.TestRunner">
        <test-method is-config="true" signature="defineBrowser(java.lang.String)[pri:0, instance:testRunner.TestRunner@4d15107f]" started-at="2023-05-21T20:01:33 EDT" name="defineBrowser" finished-at="2023-05-21T20:01:33 EDT" duration-ms="1" status="PASS">
          <params>
            <param index="0">
              <value>
                <![CDATA[edge]]>
              </value>
            </param>
          </params>
          <reporter-output>
          </reporter-output>
        </test-method> <!-- defineBrowser -->
        <test-method is-config="true" signature="setUpClass(org.testng.ITestContext)[pri:0, instance:testRunner.TestRunner@4d15107f]" started-at="2023-05-21T20:01:33 EDT" name="setUpClass" finished-at="2023-05-21T20:01:48 EDT" duration-ms="15159" status="PASS">
          <params>
            <param index="0">
              <value>
                <![CDATA[org.testng.TestRunner@722787b5]]>
              </value>
            </param>
          </params>
          <reporter-output>
          </reporter-output>
        </test-method> <!-- setUpClass -->
        <test-method signature="runScenario(io.cucumber.testng.PickleWrapper,io.cucumber.testng.FeatureWrapper)[pri:0, instance:testRunner.TestRunner@4d15107f]" started-at="2023-05-21T20:01:48 EDT" name="runScenario" description="Runs Cucumber Scenarios" data-provider="scenarios" finished-at="2023-05-21T20:01:56 EDT" duration-ms="8471" status="PASS">
          <params>
            <param index="0">
              <value>
                <![CDATA["Launch url and navigate to home page"]]>
              </value>
            </param>
            <param index="1">
              <value>
                <![CDATA["Optional[feature to test ds algo portal link]"]]>
              </value>
            </param>
          </params>
          <reporter-output>
          </reporter-output>
        </test-method> <!-- runScenario -->
        <test-method signature="runScenario(io.cucumber.testng.PickleWrapper,io.cucumber.testng.FeatureWrapper)[pri:0, instance:testRunner.TestRunner@4d15107f]" started-at="2023-05-21T20:01:56 EDT" name="runScenario" description="Runs Cucumber Scenarios" data-provider="scenarios" finished-at="2023-05-21T20:02:00 EDT" duration-ms="4068" status="PASS">
          <params>
            <param index="0">
              <value>
                <![CDATA["User navigate to home page"]]>
              </value>
            </param>
            <param index="1">
              <value>
                <![CDATA["Optional[evaluate home page]"]]>
              </value>
            </param>
          </params>
          <reporter-output>
          </reporter-output>
        </test-method> <!-- runScenario -->
        <test-method signature="runScenario(io.cucumber.testng.PickleWrapper,io.cucumber.testng.FeatureWrapper)[pri:0, instance:testRunner.TestRunner@4d15107f]" started-at="2023-05-21T20:02:00 EDT" name="runScenario" description="Runs Cucumber Scenarios" data-provider="scenarios" finished-at="2023-05-21T20:02:01 EDT" duration-ms="377" status="PASS">
          <params>
            <param index="0">
              <value>
                <![CDATA["Launch url and navigate to home page"]]>
              </value>
            </param>
            <param index="1">
              <value>
                <![CDATA["Optional[evaluate home page]"]]>
              </value>
            </param>
          </params>
          <reporter-output>
          </reporter-output>
        </test-method> <!-- runScenario -->
        <test-method is-config="true" signature="tearDownClass()[pri:0, instance:testRunner.TestRunner@4d15107f]" started-at="2023-05-21T20:02:01 EDT" name="tearDownClass" finished-at="2023-05-21T20:02:02 EDT" duration-ms="1148" status="PASS">
          <reporter-output>
          </reporter-output>
        </test-method> <!-- tearDownClass -->
      </class> <!-- testRunner.TestRunner -->
    </test> <!-- Testedge -->
  </suite> <!-- Suite -->
</testng-results>
